<?xml version="1.0" encoding="UTF-8"?>
<!-- Generated by org.testng.reporters.JUnitReportReporter -->
<testsuite hostname="DESKTOP-EMVDVB4" failures="0" tests="1" name="runnerScript.TestCase" time="31.217" errors="0" timestamp="2024-11-09T17:56:06 IST" skipped="0">
  <testcase classname="runnerScript.TestCase" name="Execution" time="31.217"/>
  <system-out/>
</testsuite> <!-- runnerScript.TestCase -->
